<?xml version="1.0" encoding="UTF-8"?>
<!-- Generated by org.testng.reporters.JUnitXMLReporter -->
<testsuite ignored="0" hostname="SWQA-1" failures="1" tests="3" name="Surefire test" time="20.544" errors="0" timestamp="2024-04-18T08:54:57 BST">
  <testcase classname="io.cucumber.testng.AbstractTestNGCucumberTests" name="runScenario" time="8.2"/>
  <testcase classname="io.cucumber.testng.AbstractTestNGCucumberTests" name="runScenario" time="7.942"/>
  <testcase classname="io.cucumber.testng.AbstractTestNGCucumberTests" name="runScenario" time="3.633">
    <failure type="java.lang.AssertionError" message="expected [true] but found [false]">
      <![CDATA[java.lang.AssertionError: expected [true] but found [false]
at srimettu.stepDefinitions.StepDefenitionImpl.invalidLogin(StepDefenitionImpl.java:31)
at âœ½."invalid username or password....(If forgot username or password then contact your supervisor or administrator)" message is displayed(file:///C:/Users/smettu/eclipse-selenium/SeleniumFrameworkDesign/src/test/java/cucumber/InvalidLogin.feature:10)
... Removed 4 stack frames]]>
    </failure>
  </testcase> <!-- runScenario -->
</testsuite> <!-- Surefire test -->
