-------------------------------------------------------------------------------
Test set: cucumber.TestNGTestRunner
-------------------------------------------------------------------------------
Tests run: 3, Failures: 1, Errors: 0, Skipped: 0, Time elapsed: 21.09 s <<< FAILURE! -- in cucumber.TestNGTestRunner
cucumber.TestNGTestRunner.runScenario["Invalid Login check", "Login Check"](3) -- Time elapsed: 3.633 s <<< FAILURE!
java.lang.AssertionError: expected [true] but found [false]
	at org.testng.Assert.fail(Assert.java:111)
	at org.testng.Assert.failNotEquals(Assert.java:1578)
	at org.testng.Assert.assertTrue(Assert.java:57)
	at org.testng.Assert.assertTrue(Assert.java:67)
	at srimettu.stepDefinitions.StepDefenitionImpl.invalidLogin(StepDefenitionImpl.java:31)
	at âœ½."invalid username or password....(If forgot username or password then contact your supervisor or administrator)" message is displayed(file:///C:/Users/smettu/eclipse-selenium/SeleniumFrameworkDesign/src/test/java/cucumber/InvalidLogin.feature:10)

