<?xml version="1.0" encoding="UTF-8"?>
<!-- Generated by org.testng.reporters.JUnitReportReporter -->
<testsuite hostname="SWQA-1" failures="1" tests="3" name="cucumber.TestNGTestRunner" time="19.775" errors="0" timestamp="2024-04-18T08:54:57 BST" skipped="0">
  <testcase classname="cucumber.TestNGTestRunner" name="runScenario" time="8.200"/>
  <testcase classname="cucumber.TestNGTestRunner" name="runScenario" time="3.633">
    <failure message="expected [true] but found [false]" type="java.lang.AssertionError">
      <![CDATA[java.lang.AssertionError: expected [true] but found [false]
at org.testng.Assert.fail(Assert.java:111)
at org.testng.Assert.failNotEquals(Assert.java:1578)
at org.testng.Assert.assertTrue(Assert.java:57)
at org.testng.Assert.assertTrue(Assert.java:67)
at srimettu.stepDefinitions.StepDefenitionImpl.invalidLogin(StepDefenitionImpl.java:31)
at âœ½."invalid username or password....(If forgot username or password then contact your supervisor or administrator)" message is displayed(file:///C:/Users/smettu/eclipse-selenium/SeleniumFrameworkDesign/src/test/java/cucumber/InvalidLogin.feature:10)
]]>
    </failure>
  </testcase> <!-- runScenario -->
  <testcase classname="cucumber.TestNGTestRunner" name="runScenario" time="7.942"/>
</testsuite> <!-- cucumber.TestNGTestRunner -->
